<?xml version="1.0" encoding="UTF-8"?>
<testng-results skipped="0" failed="0" ignored="0" total="1" passed="1">
  <reporter-output>
  </reporter-output>
  <suite name="Default suite" duration-ms="822" started-at="2021-03-06T00:57:22Z" finished-at="2021-03-06T00:57:23Z">
    <groups>
    </groups>
    <test name="Default test" duration-ms="822" started-at="2021-03-06T00:57:22Z" finished-at="2021-03-06T00:57:23Z">
      <class name="com.employeeapi.testCases.SumValidation">
        <test-method status="PASS" signature="sumOfCourses()[pri:0, instance:com.employeeapi.testCases.SumValidation@4c70fda8]" name="sumOfCourses" duration-ms="788" started-at="2021-03-06T00:57:22Z" finished-at="2021-03-06T00:57:23Z">
          <reporter-output>
          </reporter-output>
        </test-method> <!-- sumOfCourses -->
      </class> <!-- com.employeeapi.testCases.SumValidation -->
    </test> <!-- Default test -->
  </suite> <!-- Default suite -->
</testng-results>
